  HTTPTracker.cpp
c:\users\yoav\computerprogramming\c++ projects\francotorrent\francotorrentver1\francotorrentver1\selectsocket.h(67): warning C4101: 'ignored' : unreferenced local variable
c:\users\yoav\computerprogramming\c++ projects\francotorrent\francotorrentver1\francotorrentver1\selectsocket.h(114): warning C4101: 'rtn' : unreferenced local variable
c:\users\yoav\computerprogramming\c++ projects\francotorrent\francotorrentver1\francotorrentver1\bitarray.h(19): warning C4018: '<' : signed/unsigned mismatch
c:\users\yoav\computerprogramming\c++ projects\francotorrent\francotorrentver1\francotorrentver1\tcppeers.h(33): warning C4018: '<' : signed/unsigned mismatch
c:\users\yoav\computerprogramming\c++ projects\francotorrent\francotorrentver1\francotorrentver1\tcppeers.h(61): warning C4018: '<' : signed/unsigned mismatch
c:\users\yoav\computerprogramming\c++ projects\francotorrent\francotorrentver1\francotorrentver1\tcppeers.h(127): warning C4018: '<' : signed/unsigned mismatch
c:\users\yoav\computerprogramming\c++ projects\francotorrent\francotorrentver1\francotorrentver1\tcppeers.h(237): warning C4018: '<' : signed/unsigned mismatch
c:\users\yoav\computerprogramming\c++ projects\francotorrent\francotorrentver1\francotorrentver1\tcppeers.h(244): warning C4018: '<' : signed/unsigned mismatch
c:\users\yoav\computerprogramming\c++ projects\francotorrent\francotorrentver1\francotorrentver1\httptracker.cpp(45): warning C4018: '<' : signed/unsigned mismatch
c:\users\yoav\computerprogramming\c++ projects\francotorrent\francotorrentver1\francotorrentver1\httptracker.cpp(97): warning C4101: 'hexstring' : unreferenced local variable
  Generating Code...
c:\users\yoav\computerprogramming\c++ projects\francotorrent\francotorrentver1\francotorrentver1\selectsocket.h(155): warning C4715: 'SelectSocket::Send' : not all control paths return a value
  Compiling...
  TrackerResponse.cpp
c:\users\yoav\computerprogramming\c++ projects\francotorrent\francotorrentver1\francotorrentver1\selectsocket.h(67): warning C4101: 'ignored' : unreferenced local variable
c:\users\yoav\computerprogramming\c++ projects\francotorrent\francotorrentver1\francotorrentver1\selectsocket.h(114): warning C4101: 'rtn' : unreferenced local variable
c:\users\yoav\computerprogramming\c++ projects\francotorrent\francotorrentver1\francotorrentver1\bitarray.h(19): warning C4018: '<' : signed/unsigned mismatch
c:\users\yoav\computerprogramming\c++ projects\francotorrent\francotorrentver1\francotorrentver1\tcppeers.h(33): warning C4018: '<' : signed/unsigned mismatch
c:\users\yoav\computerprogramming\c++ projects\francotorrent\francotorrentver1\francotorrentver1\tcppeers.h(61): warning C4018: '<' : signed/unsigned mismatch
c:\users\yoav\computerprogramming\c++ projects\francotorrent\francotorrentver1\francotorrentver1\tcppeers.h(127): warning C4018: '<' : signed/unsigned mismatch
c:\users\yoav\computerprogramming\c++ projects\francotorrent\francotorrentver1\francotorrentver1\tcppeers.h(237): warning C4018: '<' : signed/unsigned mismatch
c:\users\yoav\computerprogramming\c++ projects\francotorrent\francotorrentver1\francotorrentver1\tcppeers.h(244): warning C4018: '<' : signed/unsigned mismatch
  Program.cpp
c:\users\yoav\computerprogramming\c++ projects\francotorrent\francotorrentver1\francotorrentver1\selectsocket.h(67): warning C4101: 'ignored' : unreferenced local variable
c:\users\yoav\computerprogramming\c++ projects\francotorrent\francotorrentver1\francotorrentver1\selectsocket.h(114): warning C4101: 'rtn' : unreferenced local variable
c:\users\yoav\computerprogramming\c++ projects\francotorrent\francotorrentver1\francotorrentver1\bitarray.h(19): warning C4018: '<' : signed/unsigned mismatch
c:\users\yoav\computerprogramming\c++ projects\francotorrent\francotorrentver1\francotorrentver1\tcppeers.h(33): warning C4018: '<' : signed/unsigned mismatch
c:\users\yoav\computerprogramming\c++ projects\francotorrent\francotorrentver1\francotorrentver1\tcppeers.h(61): warning C4018: '<' : signed/unsigned mismatch
c:\users\yoav\computerprogramming\c++ projects\francotorrent\francotorrentver1\francotorrentver1\tcppeers.h(127): warning C4018: '<' : signed/unsigned mismatch
c:\users\yoav\computerprogramming\c++ projects\francotorrent\francotorrentver1\francotorrentver1\tcppeers.h(237): warning C4018: '<' : signed/unsigned mismatch
c:\users\yoav\computerprogramming\c++ projects\francotorrent\francotorrentver1\francotorrentver1\tcppeers.h(244): warning C4018: '<' : signed/unsigned mismatch
  Generating Code...
  Skipping... (no relevant changes detected)
  Tcp.h
  FrancoTorrentVer1.vcxproj -> C:\Users\Yoav\ComputerProgramming\C++ Projects\FrancoTorrent\FrancoTorrentVer1\Debug\FrancoTorrentVer1.exe
