c:\users\yoav\computerprogramming\c++ projects\francotorrent\francotorrentver1\francotorrentver1\debug\vc120.pdb
c:\users\yoav\computerprogramming\c++ projects\francotorrent\francotorrentver1\francotorrentver1\debug\vc120.idb
c:\users\yoav\computerprogramming\c++ projects\francotorrent\francotorrentver1\francotorrentver1\debug\sha1.obj
c:\users\yoav\computerprogramming\c++ projects\francotorrent\francotorrentver1\francotorrentver1\debug\bencoding.obj
c:\users\yoav\computerprogramming\c++ projects\francotorrent\francotorrentver1\francotorrentver1\debug\bitarray.obj
c:\users\yoav\computerprogramming\c++ projects\francotorrent\francotorrentver1\francotorrentver1\debug\bittorrrequest.obj
c:\users\yoav\computerprogramming\c++ projects\francotorrent\francotorrentver1\francotorrentver1\debug\file.obj
c:\users\yoav\computerprogramming\c++ projects\francotorrent\francotorrentver1\francotorrentver1\debug\httprequest.obj
c:\users\yoav\computerprogramming\c++ projects\francotorrent\francotorrentver1\francotorrentver1\debug\httptracker.obj
c:\users\yoav\computerprogramming\c++ projects\francotorrent\francotorrentver1\francotorrentver1\debug\peer.obj
c:\users\yoav\computerprogramming\c++ projects\francotorrent\francotorrentver1\francotorrentver1\debug\program.obj
c:\users\yoav\computerprogramming\c++ projects\francotorrent\francotorrentver1\francotorrentver1\debug\socket.obj
c:\users\yoav\computerprogramming\c++ projects\francotorrent\francotorrentver1\francotorrentver1\debug\tcp.obj
c:\users\yoav\computerprogramming\c++ projects\francotorrent\francotorrentver1\francotorrentver1\debug\trackerresponse.obj
c:\users\yoav\computerprogramming\c++ projects\francotorrent\francotorrentver1\debug\francotorrentver1.ilk
c:\users\yoav\computerprogramming\c++ projects\francotorrent\francotorrentver1\debug\francotorrentver1.exe
c:\users\yoav\computerprogramming\c++ projects\francotorrent\francotorrentver1\debug\francotorrentver1.pdb
c:\users\yoav\computerprogramming\c++ projects\francotorrent\francotorrentver1\francotorrentver1\debug\francoto.eb9fc75a.tlog\cl.command.1.tlog
c:\users\yoav\computerprogramming\c++ projects\francotorrent\francotorrentver1\francotorrentver1\debug\francoto.eb9fc75a.tlog\cl.read.1.tlog
c:\users\yoav\computerprogramming\c++ projects\francotorrent\francotorrentver1\francotorrentver1\debug\francoto.eb9fc75a.tlog\cl.write.1.tlog
c:\users\yoav\computerprogramming\c++ projects\francotorrent\francotorrentver1\francotorrentver1\debug\francoto.eb9fc75a.tlog\link.command.1.tlog
c:\users\yoav\computerprogramming\c++ projects\francotorrent\francotorrentver1\francotorrentver1\debug\francoto.eb9fc75a.tlog\link.read.1.tlog
c:\users\yoav\computerprogramming\c++ projects\francotorrent\francotorrentver1\francotorrentver1\debug\francoto.eb9fc75a.tlog\link.write.1.tlog
